<?xml version="1.0" encoding="UTF-8"?>
<!-- Generated by org.testng.reporters.JUnitXMLReporter -->
<testsuite ignored="0" hostname="DESKTOP-H5J83U3" failures="0" tests="1" name="SampleTest" time="0.083" errors="0" timestamp="2025-03-06T14:10:55 IST">
  <testcase classname="Dummy.sample" name="@BeforeMethod setup" time="0.008">
    <failure type="java.lang.Error" message="Unresolved compilation problems: 
	ExtentHtmlReporter cannot be resolved to a type
	ExtentHtmlReporter cannot be resolved to a type
">
      <![CDATA[java.lang.Error: Unresolved compilation problems: 
ExtentHtmlReporter cannot be resolved to a type
ExtentHtmlReporter cannot be resolved to a type

at Dummy.sample.setup(sample.java:26)
at java.base/java.util.ArrayList.forEach(ArrayList.java:1597)
... Removed 29 stack frames]]>
    </failure>
  </testcase> <!-- @BeforeMethod setup -->
  <testcase classname="Dummy.sample" name="@AfterMethod teardown" time="0.0">
    <skipped/>
  </testcase> <!-- @AfterMethod teardown -->
  <testcase classname="Dummy.sample" name="performSearch" time="0.0">
    <skipped/>
  </testcase> <!-- performSearch -->
</testsuite> <!-- SampleTest -->
