<?xml version="1.0" encoding="UTF-8"?>
<!-- Generated by org.testng.reporters.JUnitXMLReporter -->
<testsuite ignored="0" hostname="DESKTOP-H5J83U3" failures="0" tests="3" name="LoginTest" time="141.717" errors="0" timestamp="2025-04-23T17:10:35 IST">
  <testcase classname="Tests.LoginTest2" name="testLoginWithValidCredentials" time="8.178"/>
  <testcase classname="Tests.clickOptionTest" name="ClickLeftBarOptions" time="126.326"/>
  <testcase classname="Tests.LoginTest2" name="logout" time="0.804"/>
</testsuite> <!-- LoginTest -->
